<?xml version="1.0" encoding="UTF-8"?>
<testng-results ignored="0" total="1" passed="1" failed="0" skipped="0">
  <reporter-output>
  </reporter-output>
  <suite started-at="2023-02-24T20:14:52 IST" name="Default suite" finished-at="2023-02-24T20:15:23 IST" duration-ms="31712">
    <groups>
    </groups>
    <test started-at="2023-02-24T20:14:52 IST" name="Default test" finished-at="2023-02-24T20:15:23 IST" duration-ms="31712">
      <class name="testsPackage.SubscriptionTest">
        <test-method is-config="true" signature="setup()[pri:0, instance:testsPackage.SubscriptionTest@6411d3c8]" started-at="2023-02-24T20:14:52 IST" name="setup" finished-at="2023-02-24T20:15:05 IST" duration-ms="13410" status="PASS">
          <reporter-output>
          </reporter-output>
        </test-method> <!-- setup -->
        <test-method signature="tc_14_buyMonthlyPlan()[pri:0, instance:testsPackage.SubscriptionTest@6411d3c8]" started-at="2023-02-24T20:15:05 IST" name="tc_14_buyMonthlyPlan" finished-at="2023-02-24T20:15:23 IST" duration-ms="17957" status="PASS">
          <reporter-output>
          </reporter-output>
        </test-method> <!-- tc_14_buyMonthlyPlan -->
        <test-method is-config="true" signature="tearDown()[pri:0, instance:testsPackage.SubscriptionTest@6411d3c8]" started-at="2023-02-24T20:15:23 IST" name="tearDown" finished-at="2023-02-24T20:15:23 IST" duration-ms="187" status="PASS">
          <reporter-output>
          </reporter-output>
        </test-method> <!-- tearDown -->
      </class> <!-- testsPackage.SubscriptionTest -->
    </test> <!-- Default test -->
  </suite> <!-- Default suite -->
</testng-results>
